<?xml version="1.0" encoding="UTF-8"?>
<testng-results total="32" passed="27" failed="5" skipped="0">
  <reporter-output>
  </reporter-output>
  <suite started-at="2021-01-15T01:12:30Z" name="Default suite" finished-at="2021-01-15T01:23:58Z" duration-ms="688208">
    <groups>
    </groups>
    <test started-at="2021-01-15T01:12:30Z" name="Default test" finished-at="2021-01-15T01:23:58Z" duration-ms="688208">
      <class name="testsLayer.CreateAccount_Test">
        <test-method is-config="true" signature="objectSet()[pri:0, instance:testsLayer.CreateAccount_Test@6bbe85a8]" started-at="2021-01-14T20:12:30Z" name="objectSet" finished-at="2021-01-14T20:12:41Z" duration-ms="11303" status="PASS">
          <reporter-output>
          </reporter-output>
        </test-method> <!-- objectSet -->
        <test-method signature="TC_10_createAccount_Lastname_invalidchar()[pri:0, instance:testsLayer.CreateAccount_Test@6bbe85a8]" started-at="2021-01-14T20:12:41Z" name="TC_10_createAccount_Lastname_invalidchar" finished-at="2021-01-14T20:12:46Z" duration-ms="4690" status="PASS">
          <reporter-output>
          </reporter-output>
        </test-method> <!-- TC_10_createAccount_Lastname_invalidchar -->
        <test-method is-config="true" signature="tearDown()[pri:0, instance:testsLayer.CreateAccount_Test@6bbe85a8]" started-at="2021-01-14T20:12:46Z" name="tearDown" finished-at="2021-01-14T20:12:46Z" duration-ms="1" status="PASS">
          <reporter-output>
          </reporter-output>
        </test-method> <!-- tearDown -->
        <test-method is-config="true" signature="objectSet()[pri:0, instance:testsLayer.CreateAccount_Test@6bbe85a8]" started-at="2021-01-14T20:12:46Z" name="objectSet" finished-at="2021-01-14T20:12:57Z" duration-ms="11274" status="PASS">
          <reporter-output>
          </reporter-output>
        </test-method> <!-- objectSet -->
        <test-method signature="TC_11_createAccount_phnno_10digit()[pri:0, instance:testsLayer.CreateAccount_Test@6bbe85a8]" started-at="2021-01-14T20:12:57Z" name="TC_11_createAccount_phnno_10digit" finished-at="2021-01-14T20:13:01Z" duration-ms="4115" status="PASS">
          <reporter-output>
          </reporter-output>
        </test-method> <!-- TC_11_createAccount_phnno_10digit -->
        <test-method is-config="true" signature="tearDown()[pri:0, instance:testsLayer.CreateAccount_Test@6bbe85a8]" started-at="2021-01-14T20:13:01Z" name="tearDown" finished-at="2021-01-14T20:13:01Z" duration-ms="0" status="PASS">
          <reporter-output>
          </reporter-output>
        </test-method> <!-- tearDown -->
        <test-method is-config="true" signature="objectSet()[pri:0, instance:testsLayer.CreateAccount_Test@6bbe85a8]" started-at="2021-01-14T20:13:01Z" name="objectSet" finished-at="2021-01-14T20:13:14Z" duration-ms="12621" status="PASS">
          <reporter-output>
          </reporter-output>
        </test-method> <!-- objectSet -->
        <test-method signature="TC_12_createAccount_phnno_lessthan_10digit()[pri:0, instance:testsLayer.CreateAccount_Test@6bbe85a8]" started-at="2021-01-14T20:13:14Z" name="TC_12_createAccount_phnno_lessthan_10digit" finished-at="2021-01-14T20:13:20Z" duration-ms="6360" status="PASS">
          <reporter-output>
          </reporter-output>
        </test-method> <!-- TC_12_createAccount_phnno_lessthan_10digit -->
        <test-method is-config="true" signature="tearDown()[pri:0, instance:testsLayer.CreateAccount_Test@6bbe85a8]" started-at="2021-01-14T20:13:20Z" name="tearDown" finished-at="2021-01-14T20:13:20Z" duration-ms="0" status="PASS">
          <reporter-output>
          </reporter-output>
        </test-method> <!-- tearDown -->
        <test-method is-config="true" signature="objectSet()[pri:0, instance:testsLayer.CreateAccount_Test@6bbe85a8]" started-at="2021-01-14T20:13:20Z" name="objectSet" finished-at="2021-01-14T20:13:30Z" duration-ms="9658" status="PASS">
          <reporter-output>
          </reporter-output>
        </test-method> <!-- objectSet -->
        <test-method signature="TC_13_createAccount_morethan_10digit()[pri:0, instance:testsLayer.CreateAccount_Test@6bbe85a8]" started-at="2021-01-14T20:13:30Z" name="TC_13_createAccount_morethan_10digit" finished-at="2021-01-14T20:13:39Z" duration-ms="8950" status="PASS">
          <reporter-output>
          </reporter-output>
        </test-method> <!-- TC_13_createAccount_morethan_10digit -->
        <test-method is-config="true" signature="objectSet()[pri:0, instance:testsLayer.CreateAccount_Test@6bbe85a8]" started-at="2021-01-14T20:13:39Z" name="objectSet" finished-at="2021-01-14T20:13:49Z" duration-ms="10554" status="PASS">
          <reporter-output>
          </reporter-output>
        </test-method> <!-- objectSet -->
        <test-method is-config="true" signature="tearDown()[pri:0, instance:testsLayer.CreateAccount_Test@6bbe85a8]" started-at="2021-01-14T20:13:39Z" name="tearDown" finished-at="2021-01-14T20:13:39Z" duration-ms="0" status="PASS">
          <reporter-output>
          </reporter-output>
        </test-method> <!-- tearDown -->
        <test-method signature="TC_14_createAccount_with_valid_emailId()[pri:0, instance:testsLayer.CreateAccount_Test@6bbe85a8]" started-at="2021-01-14T20:13:49Z" name="TC_14_createAccount_with_valid_emailId" finished-at="2021-01-14T20:13:54Z" duration-ms="4738" status="FAIL">
          <exception class="org.openqa.selenium.ElementClickInterceptedException">
            <message>
              <![CDATA[element click intercepted: Element is not clickable at point (735, 614)
  (Session info: chrome=87.0.4280.141)
Build info: version: '3.10.0', revision: '176b4a9', time: '2018-03-02T19:03:16.397Z'
System info: host: 'LAPTOP-085J8J9J', ip: '192.168.199.1', os.name: 'Windows 10', os.arch: 'amd64', os.version: '10.0', java.version: '15.0.1'
Driver info: org.openqa.selenium.chrome.ChromeDriver
Capabilities {acceptInsecureCerts: false, browserName: chrome, browserVersion: 87.0.4280.141, chrome: {chromedriverVersion: 86.0.4240.22 (398b0743353ff..., userDataDir: C:\Users\DIPALI~1\AppData\L...}, goog:chromeOptions: {debuggerAddress: localhost:59746}, javascriptEnabled: true, networkConnectionEnabled: false, pageLoadStrategy: normal, platform: WINDOWS, platformName: WINDOWS, proxy: Proxy(), setWindowRect: true, strictFileInteractability: false, timeouts: {implicit: 0, pageLoad: 300000, script: 30000}, unhandledPromptBehavior: dismiss and notify, webauthn:virtualAuthenticators: true}
Session ID: 504557c31ee4f6f7f1ca7a8b4ebf7b72]]>
            </message>
            <full-stacktrace>
              <![CDATA[org.openqa.selenium.ElementClickInterceptedException: element click intercepted: Element is not clickable at point (735, 614)
  (Session info: chrome=87.0.4280.141)
Build info: version: '3.10.0', revision: '176b4a9', time: '2018-03-02T19:03:16.397Z'
System info: host: 'LAPTOP-085J8J9J', ip: '192.168.199.1', os.name: 'Windows 10', os.arch: 'amd64', os.version: '10.0', java.version: '15.0.1'
Driver info: org.openqa.selenium.chrome.ChromeDriver
Capabilities {acceptInsecureCerts: false, browserName: chrome, browserVersion: 87.0.4280.141, chrome: {chromedriverVersion: 86.0.4240.22 (398b0743353ff..., userDataDir: C:\Users\DIPALI~1\AppData\L...}, goog:chromeOptions: {debuggerAddress: localhost:59746}, javascriptEnabled: true, networkConnectionEnabled: false, pageLoadStrategy: normal, platform: WINDOWS, platformName: WINDOWS, proxy: Proxy(), setWindowRect: true, strictFileInteractability: false, timeouts: {implicit: 0, pageLoad: 300000, script: 30000}, unhandledPromptBehavior: dismiss and notify, webauthn:virtualAuthenticators: true}
Session ID: 504557c31ee4f6f7f1ca7a8b4ebf7b72
	at java.base/jdk.internal.reflect.NativeConstructorAccessorImpl.newInstance0(Native Method)
	at java.base/jdk.internal.reflect.NativeConstructorAccessorImpl.newInstance(NativeConstructorAccessorImpl.java:64)
	at java.base/jdk.internal.reflect.DelegatingConstructorAccessorImpl.newInstance(DelegatingConstructorAccessorImpl.java:45)
	at java.base/java.lang.reflect.Constructor.newInstanceWithCaller(Constructor.java:500)
	at java.base/java.lang.reflect.Constructor.newInstance(Constructor.java:481)
	at org.openqa.selenium.remote.http.W3CHttpResponseCodec.createException(W3CHttpResponseCodec.java:187)
	at org.openqa.selenium.remote.http.W3CHttpResponseCodec.decode(W3CHttpResponseCodec.java:122)
	at org.openqa.selenium.remote.http.W3CHttpResponseCodec.decode(W3CHttpResponseCodec.java:49)
	at org.openqa.selenium.remote.HttpCommandExecutor.execute(HttpCommandExecutor.java:160)
	at org.openqa.selenium.remote.service.DriverCommandExecutor.execute(DriverCommandExecutor.java:83)
	at org.openqa.selenium.remote.RemoteWebDriver.execute(RemoteWebDriver.java:601)
	at org.openqa.selenium.remote.RemoteWebElement.execute(RemoteWebElement.java:279)
	at org.openqa.selenium.remote.RemoteWebElement.click(RemoteWebElement.java:83)
	at jdk.internal.reflect.GeneratedMethodAccessor2.invoke(Unknown Source)
	at java.base/jdk.internal.reflect.DelegatingMethodAccessorImpl.invoke(DelegatingMethodAccessorImpl.java:43)
	at java.base/java.lang.reflect.Method.invoke(Method.java:564)
	at org.openqa.selenium.support.pagefactory.internal.LocatingElementHandler.invoke(LocatingElementHandler.java:51)
	at com.sun.proxy.$Proxy12.click(Unknown Source)
	at pageLayer.CreateAccount_Page.cmnMethod(CreateAccount_Page.java:178)
	at testsLayer.CreateAccount_Test.TC_14_createAccount_with_valid_emailId(CreateAccount_Test.java:157)
	at java.base/jdk.internal.reflect.NativeMethodAccessorImpl.invoke0(Native Method)
	at java.base/jdk.internal.reflect.NativeMethodAccessorImpl.invoke(NativeMethodAccessorImpl.java:64)
	at java.base/jdk.internal.reflect.DelegatingMethodAccessorImpl.invoke(DelegatingMethodAccessorImpl.java:43)
	at java.base/java.lang.reflect.Method.invoke(Method.java:564)
	at org.testng.internal.MethodInvocationHelper.invokeMethod(MethodInvocationHelper.java:80)
	at org.testng.internal.Invoker.invokeMethod(Invoker.java:714)
	at org.testng.internal.Invoker.invokeTestMethod(Invoker.java:901)
	at org.testng.internal.Invoker.invokeTestMethods(Invoker.java:1231)
	at org.testng.internal.TestMethodWorker.invokeTestMethods(TestMethodWorker.java:127)
	at org.testng.internal.TestMethodWorker.run(TestMethodWorker.java:111)
	at org.testng.TestRunner.privateRun(TestRunner.java:767)
	at org.testng.TestRunner.run(TestRunner.java:617)
	at org.testng.SuiteRunner.runTest(SuiteRunner.java:334)
	at org.testng.SuiteRunner.runSequentially(SuiteRunner.java:329)
	at org.testng.SuiteRunner.privateRun(SuiteRunner.java:291)
	at org.testng.SuiteRunner.run(SuiteRunner.java:240)
	at org.testng.SuiteRunnerWorker.runSuite(SuiteRunnerWorker.java:52)
	at org.testng.SuiteRunnerWorker.run(SuiteRunnerWorker.java:86)
	at org.testng.TestNG.runSuitesSequentially(TestNG.java:1198)
	at org.testng.TestNG.runSuitesLocally(TestNG.java:1123)
	at org.testng.TestNG.run(TestNG.java:1031)
	at org.testng.remote.AbstractRemoteTestNG.run(AbstractRemoteTestNG.java:115)
	at org.testng.remote.RemoteTestNG.initAndRun(RemoteTestNG.java:251)
	at org.testng.remote.RemoteTestNG.main(RemoteTestNG.java:77)
]]>
            </full-stacktrace>
          </exception> <!-- org.openqa.selenium.ElementClickInterceptedException -->
          <reporter-output>
          </reporter-output>
        </test-method> <!-- TC_14_createAccount_with_valid_emailId -->
        <test-method is-config="true" signature="tearDown()[pri:0, instance:testsLayer.CreateAccount_Test@6bbe85a8]" started-at="2021-01-14T20:13:54Z" name="tearDown" finished-at="2021-01-14T20:13:54Z" duration-ms="3" status="PASS">
          <reporter-output>
          </reporter-output>
        </test-method> <!-- tearDown -->
        <test-method is-config="true" signature="objectSet()[pri:0, instance:testsLayer.CreateAccount_Test@6bbe85a8]" started-at="2021-01-14T20:13:54Z" name="objectSet" finished-at="2021-01-14T20:14:05Z" duration-ms="11501" status="PASS">
          <reporter-output>
          </reporter-output>
        </test-method> <!-- objectSet -->
        <test-method signature="TC_15_createAccount_with_invalid_emailId()[pri:0, instance:testsLayer.CreateAccount_Test@6bbe85a8]" started-at="2021-01-14T20:14:05Z" name="TC_15_createAccount_with_invalid_emailId" finished-at="2021-01-14T20:14:15Z" duration-ms="9172" status="PASS">
          <reporter-output>
          </reporter-output>
        </test-method> <!-- TC_15_createAccount_with_invalid_emailId -->
        <test-method is-config="true" signature="tearDown()[pri:0, instance:testsLayer.CreateAccount_Test@6bbe85a8]" started-at="2021-01-14T20:14:15Z" name="tearDown" finished-at="2021-01-14T20:14:15Z" duration-ms="0" status="PASS">
          <reporter-output>
          </reporter-output>
        </test-method> <!-- tearDown -->
        <test-method is-config="true" signature="objectSet()[pri:0, instance:testsLayer.CreateAccount_Test@6bbe85a8]" started-at="2021-01-14T20:14:15Z" name="objectSet" finished-at="2021-01-14T20:14:26Z" duration-ms="10948" status="PASS">
          <reporter-output>
          </reporter-output>
        </test-method> <!-- objectSet -->
        <test-method signature="TC_16_createAccount_with_Null_emailId()[pri:0, instance:testsLayer.CreateAccount_Test@6bbe85a8]" started-at="2021-01-14T20:14:26Z" name="TC_16_createAccount_with_Null_emailId" finished-at="2021-01-14T20:14:50Z" duration-ms="24262" status="FAIL">
          <exception class="org.openqa.selenium.NoSuchElementException">
            <message>
              <![CDATA[no such element: Unable to locate element: {"method":"css selector","selector":"#firstName"}
  (Session info: chrome=87.0.4280.141)
For documentation on this error, please visit: http://seleniumhq.org/exceptions/no_such_element.html
Build info: version: '3.10.0', revision: '176b4a9', time: '2018-03-02T19:03:16.397Z'
System info: host: 'LAPTOP-085J8J9J', ip: '192.168.199.1', os.name: 'Windows 10', os.arch: 'amd64', os.version: '10.0', java.version: '15.0.1'
Driver info: org.openqa.selenium.chrome.ChromeDriver
Capabilities {acceptInsecureCerts: false, browserName: chrome, browserVersion: 87.0.4280.141, chrome: {chromedriverVersion: 86.0.4240.22 (398b0743353ff..., userDataDir: C:\Users\DIPALI~1\AppData\L...}, goog:chromeOptions: {debuggerAddress: localhost:59903}, javascriptEnabled: true, networkConnectionEnabled: false, pageLoadStrategy: normal, platform: WINDOWS, platformName: WINDOWS, proxy: Proxy(), setWindowRect: true, strictFileInteractability: false, timeouts: {implicit: 0, pageLoad: 300000, script: 30000}, unhandledPromptBehavior: dismiss and notify, webauthn:virtualAuthenticators: true}
Session ID: a477b29e2bce97b17109927bc5352e5b
*** Element info: {Using=id, value=firstName}]]>
            </message>
            <full-stacktrace>
              <![CDATA[org.openqa.selenium.NoSuchElementException: no such element: Unable to locate element: {"method":"css selector","selector":"#firstName"}
  (Session info: chrome=87.0.4280.141)
For documentation on this error, please visit: http://seleniumhq.org/exceptions/no_such_element.html
Build info: version: '3.10.0', revision: '176b4a9', time: '2018-03-02T19:03:16.397Z'
System info: host: 'LAPTOP-085J8J9J', ip: '192.168.199.1', os.name: 'Windows 10', os.arch: 'amd64', os.version: '10.0', java.version: '15.0.1'
Driver info: org.openqa.selenium.chrome.ChromeDriver
Capabilities {acceptInsecureCerts: false, browserName: chrome, browserVersion: 87.0.4280.141, chrome: {chromedriverVersion: 86.0.4240.22 (398b0743353ff..., userDataDir: C:\Users\DIPALI~1\AppData\L...}, goog:chromeOptions: {debuggerAddress: localhost:59903}, javascriptEnabled: true, networkConnectionEnabled: false, pageLoadStrategy: normal, platform: WINDOWS, platformName: WINDOWS, proxy: Proxy(), setWindowRect: true, strictFileInteractability: false, timeouts: {implicit: 0, pageLoad: 300000, script: 30000}, unhandledPromptBehavior: dismiss and notify, webauthn:virtualAuthenticators: true}
Session ID: a477b29e2bce97b17109927bc5352e5b
*** Element info: {Using=id, value=firstName}
	at java.base/jdk.internal.reflect.NativeConstructorAccessorImpl.newInstance0(Native Method)
	at java.base/jdk.internal.reflect.NativeConstructorAccessorImpl.newInstance(NativeConstructorAccessorImpl.java:64)
	at java.base/jdk.internal.reflect.DelegatingConstructorAccessorImpl.newInstance(DelegatingConstructorAccessorImpl.java:45)
	at java.base/java.lang.reflect.Constructor.newInstanceWithCaller(Constructor.java:500)
	at java.base/java.lang.reflect.Constructor.newInstance(Constructor.java:481)
	at org.openqa.selenium.remote.http.W3CHttpResponseCodec.createException(W3CHttpResponseCodec.java:187)
	at org.openqa.selenium.remote.http.W3CHttpResponseCodec.decode(W3CHttpResponseCodec.java:122)
	at org.openqa.selenium.remote.http.W3CHttpResponseCodec.decode(W3CHttpResponseCodec.java:49)
	at org.openqa.selenium.remote.HttpCommandExecutor.execute(HttpCommandExecutor.java:160)
	at org.openqa.selenium.remote.service.DriverCommandExecutor.execute(DriverCommandExecutor.java:83)
	at org.openqa.selenium.remote.RemoteWebDriver.execute(RemoteWebDriver.java:601)
	at org.openqa.selenium.remote.RemoteWebDriver.findElement(RemoteWebDriver.java:371)
	at org.openqa.selenium.remote.RemoteWebDriver.findElementById(RemoteWebDriver.java:417)
	at org.openqa.selenium.By$ById.findElement(By.java:218)
	at org.openqa.selenium.remote.RemoteWebDriver.findElement(RemoteWebDriver.java:363)
	at org.openqa.selenium.support.pagefactory.DefaultElementLocator.findElement(DefaultElementLocator.java:69)
	at org.openqa.selenium.support.pagefactory.internal.LocatingElementHandler.invoke(LocatingElementHandler.java:38)
	at com.sun.proxy.$Proxy12.sendKeys(Unknown Source)
	at testsLayer.CreateAccount_Test.TC_16_createAccount_with_Null_emailId(CreateAccount_Test.java:172)
	at java.base/jdk.internal.reflect.NativeMethodAccessorImpl.invoke0(Native Method)
	at java.base/jdk.internal.reflect.NativeMethodAccessorImpl.invoke(NativeMethodAccessorImpl.java:64)
	at java.base/jdk.internal.reflect.DelegatingMethodAccessorImpl.invoke(DelegatingMethodAccessorImpl.java:43)
	at java.base/java.lang.reflect.Method.invoke(Method.java:564)
	at org.testng.internal.MethodInvocationHelper.invokeMethod(MethodInvocationHelper.java:80)
	at org.testng.internal.Invoker.invokeMethod(Invoker.java:714)
	at org.testng.internal.Invoker.invokeTestMethod(Invoker.java:901)
	at org.testng.internal.Invoker.invokeTestMethods(Invoker.java:1231)
	at org.testng.internal.TestMethodWorker.invokeTestMethods(TestMethodWorker.java:127)
	at org.testng.internal.TestMethodWorker.run(TestMethodWorker.java:111)
	at org.testng.TestRunner.privateRun(TestRunner.java:767)
	at org.testng.TestRunner.run(TestRunner.java:617)
	at org.testng.SuiteRunner.runTest(SuiteRunner.java:334)
	at org.testng.SuiteRunner.runSequentially(SuiteRunner.java:329)
	at org.testng.SuiteRunner.privateRun(SuiteRunner.java:291)
	at org.testng.SuiteRunner.run(SuiteRunner.java:240)
	at org.testng.SuiteRunnerWorker.runSuite(SuiteRunnerWorker.java:52)
	at org.testng.SuiteRunnerWorker.run(SuiteRunnerWorker.java:86)
	at org.testng.TestNG.runSuitesSequentially(TestNG.java:1198)
	at org.testng.TestNG.runSuitesLocally(TestNG.java:1123)
	at org.testng.TestNG.run(TestNG.java:1031)
	at org.testng.remote.AbstractRemoteTestNG.run(AbstractRemoteTestNG.java:115)
	at org.testng.remote.RemoteTestNG.initAndRun(RemoteTestNG.java:251)
	at org.testng.remote.RemoteTestNG.main(RemoteTestNG.java:77)
]]>
            </full-stacktrace>
          </exception> <!-- org.openqa.selenium.NoSuchElementException -->
          <reporter-output>
          </reporter-output>
        </test-method> <!-- TC_16_createAccount_with_Null_emailId -->
        <test-method is-config="true" signature="tearDown()[pri:0, instance:testsLayer.CreateAccount_Test@6bbe85a8]" started-at="2021-01-14T20:14:50Z" name="tearDown" finished-at="2021-01-14T20:14:50Z" duration-ms="0" status="PASS">
          <reporter-output>
          </reporter-output>
        </test-method> <!-- tearDown -->
        <test-method is-config="true" signature="objectSet()[pri:0, instance:testsLayer.CreateAccount_Test@6bbe85a8]" started-at="2021-01-14T20:14:50Z" name="objectSet" finished-at="2021-01-14T20:15:03Z" duration-ms="13625" status="PASS">
          <reporter-output>
          </reporter-output>
        </test-method> <!-- objectSet -->
        <test-method signature="TC_17_createAccount_with_morethan_6_char_password()[pri:0, instance:testsLayer.CreateAccount_Test@6bbe85a8]" started-at="2021-01-14T20:15:03Z" name="TC_17_createAccount_with_morethan_6_char_password" finished-at="2021-01-14T20:15:13Z" duration-ms="9130" status="PASS">
          <reporter-output>
          </reporter-output>
        </test-method> <!-- TC_17_createAccount_with_morethan_6_char_password -->
        <test-method is-config="true" signature="tearDown()[pri:0, instance:testsLayer.CreateAccount_Test@6bbe85a8]" started-at="2021-01-14T20:15:13Z" name="tearDown" finished-at="2021-01-14T20:15:13Z" duration-ms="1" status="PASS">
          <reporter-output>
          </reporter-output>
        </test-method> <!-- tearDown -->
        <test-method is-config="true" signature="objectSet()[pri:0, instance:testsLayer.CreateAccount_Test@6bbe85a8]" started-at="2021-01-14T20:15:13Z" name="objectSet" finished-at="2021-01-14T20:15:25Z" duration-ms="12553" status="PASS">
          <reporter-output>
          </reporter-output>
        </test-method> <!-- objectSet -->
        <test-method signature="TC_18_createAccount_with_lessthan_6_char_password()[pri:0, instance:testsLayer.CreateAccount_Test@6bbe85a8]" started-at="2021-01-14T20:15:25Z" name="TC_18_createAccount_with_lessthan_6_char_password" finished-at="2021-01-14T20:15:33Z" duration-ms="7637" status="PASS">
          <reporter-output>
          </reporter-output>
        </test-method> <!-- TC_18_createAccount_with_lessthan_6_char_password -->
        <test-method is-config="true" signature="tearDown()[pri:0, instance:testsLayer.CreateAccount_Test@6bbe85a8]" started-at="2021-01-14T20:15:33Z" name="tearDown" finished-at="2021-01-14T20:15:33Z" duration-ms="0" status="PASS">
          <reporter-output>
          </reporter-output>
        </test-method> <!-- tearDown -->
        <test-method is-config="true" signature="objectSet()[pri:0, instance:testsLayer.CreateAccount_Test@6bbe85a8]" started-at="2021-01-14T20:15:33Z" name="objectSet" finished-at="2021-01-14T20:15:47Z" duration-ms="14527" status="PASS">
          <reporter-output>
          </reporter-output>
        </test-method> <!-- objectSet -->
        <test-method signature="TC_19_createAccount_check_password_in_bulletform()[pri:0, instance:testsLayer.CreateAccount_Test@6bbe85a8]" started-at="2021-01-14T20:15:47Z" name="TC_19_createAccount_check_password_in_bulletform" finished-at="2021-01-14T20:15:49Z" duration-ms="2075" status="FAIL">
          <exception class="org.openqa.selenium.ElementClickInterceptedException">
            <message>
              <![CDATA[element click intercepted: Element is not clickable at point (735, 614)
  (Session info: chrome=87.0.4280.141)
Build info: version: '3.10.0', revision: '176b4a9', time: '2018-03-02T19:03:16.397Z'
System info: host: 'LAPTOP-085J8J9J', ip: '192.168.199.1', os.name: 'Windows 10', os.arch: 'amd64', os.version: '10.0', java.version: '15.0.1'
Driver info: org.openqa.selenium.chrome.ChromeDriver
Capabilities {acceptInsecureCerts: false, browserName: chrome, browserVersion: 87.0.4280.141, chrome: {chromedriverVersion: 86.0.4240.22 (398b0743353ff..., userDataDir: C:\Users\DIPALI~1\AppData\L...}, goog:chromeOptions: {debuggerAddress: localhost:60191}, javascriptEnabled: true, networkConnectionEnabled: false, pageLoadStrategy: normal, platform: WINDOWS, platformName: WINDOWS, proxy: Proxy(), setWindowRect: true, strictFileInteractability: false, timeouts: {implicit: 0, pageLoad: 300000, script: 30000}, unhandledPromptBehavior: dismiss and notify, webauthn:virtualAuthenticators: true}
Session ID: 0eebddf19a76d2ea536965bb7ae9922c]]>
            </message>
            <full-stacktrace>
              <![CDATA[org.openqa.selenium.ElementClickInterceptedException: element click intercepted: Element is not clickable at point (735, 614)
  (Session info: chrome=87.0.4280.141)
Build info: version: '3.10.0', revision: '176b4a9', time: '2018-03-02T19:03:16.397Z'
System info: host: 'LAPTOP-085J8J9J', ip: '192.168.199.1', os.name: 'Windows 10', os.arch: 'amd64', os.version: '10.0', java.version: '15.0.1'
Driver info: org.openqa.selenium.chrome.ChromeDriver
Capabilities {acceptInsecureCerts: false, browserName: chrome, browserVersion: 87.0.4280.141, chrome: {chromedriverVersion: 86.0.4240.22 (398b0743353ff..., userDataDir: C:\Users\DIPALI~1\AppData\L...}, goog:chromeOptions: {debuggerAddress: localhost:60191}, javascriptEnabled: true, networkConnectionEnabled: false, pageLoadStrategy: normal, platform: WINDOWS, platformName: WINDOWS, proxy: Proxy(), setWindowRect: true, strictFileInteractability: false, timeouts: {implicit: 0, pageLoad: 300000, script: 30000}, unhandledPromptBehavior: dismiss and notify, webauthn:virtualAuthenticators: true}
Session ID: 0eebddf19a76d2ea536965bb7ae9922c
	at java.base/jdk.internal.reflect.NativeConstructorAccessorImpl.newInstance0(Native Method)
	at java.base/jdk.internal.reflect.NativeConstructorAccessorImpl.newInstance(NativeConstructorAccessorImpl.java:64)
	at java.base/jdk.internal.reflect.DelegatingConstructorAccessorImpl.newInstance(DelegatingConstructorAccessorImpl.java:45)
	at java.base/java.lang.reflect.Constructor.newInstanceWithCaller(Constructor.java:500)
	at java.base/java.lang.reflect.Constructor.newInstance(Constructor.java:481)
	at org.openqa.selenium.remote.http.W3CHttpResponseCodec.createException(W3CHttpResponseCodec.java:187)
	at org.openqa.selenium.remote.http.W3CHttpResponseCodec.decode(W3CHttpResponseCodec.java:122)
	at org.openqa.selenium.remote.http.W3CHttpResponseCodec.decode(W3CHttpResponseCodec.java:49)
	at org.openqa.selenium.remote.HttpCommandExecutor.execute(HttpCommandExecutor.java:160)
	at org.openqa.selenium.remote.service.DriverCommandExecutor.execute(DriverCommandExecutor.java:83)
	at org.openqa.selenium.remote.RemoteWebDriver.execute(RemoteWebDriver.java:601)
	at org.openqa.selenium.remote.RemoteWebElement.execute(RemoteWebElement.java:279)
	at org.openqa.selenium.remote.RemoteWebElement.click(RemoteWebElement.java:83)
	at jdk.internal.reflect.GeneratedMethodAccessor2.invoke(Unknown Source)
	at java.base/jdk.internal.reflect.DelegatingMethodAccessorImpl.invoke(DelegatingMethodAccessorImpl.java:43)
	at java.base/java.lang.reflect.Method.invoke(Method.java:564)
	at org.openqa.selenium.support.pagefactory.internal.LocatingElementHandler.invoke(LocatingElementHandler.java:51)
	at com.sun.proxy.$Proxy12.click(Unknown Source)
	at pageLayer.CreateAccount_Page.check3TypesPass(CreateAccount_Page.java:204)
	at testsLayer.CreateAccount_Test.TC_19_createAccount_check_password_in_bulletform(CreateAccount_Test.java:204)
	at java.base/jdk.internal.reflect.NativeMethodAccessorImpl.invoke0(Native Method)
	at java.base/jdk.internal.reflect.NativeMethodAccessorImpl.invoke(NativeMethodAccessorImpl.java:64)
	at java.base/jdk.internal.reflect.DelegatingMethodAccessorImpl.invoke(DelegatingMethodAccessorImpl.java:43)
	at java.base/java.lang.reflect.Method.invoke(Method.java:564)
	at org.testng.internal.MethodInvocationHelper.invokeMethod(MethodInvocationHelper.java:80)
	at org.testng.internal.Invoker.invokeMethod(Invoker.java:714)
	at org.testng.internal.Invoker.invokeTestMethod(Invoker.java:901)
	at org.testng.internal.Invoker.invokeTestMethods(Invoker.java:1231)
	at org.testng.internal.TestMethodWorker.invokeTestMethods(TestMethodWorker.java:127)
	at org.testng.internal.TestMethodWorker.run(TestMethodWorker.java:111)
	at org.testng.TestRunner.privateRun(TestRunner.java:767)
	at org.testng.TestRunner.run(TestRunner.java:617)
	at org.testng.SuiteRunner.runTest(SuiteRunner.java:334)
	at org.testng.SuiteRunner.runSequentially(SuiteRunner.java:329)
	at org.testng.SuiteRunner.privateRun(SuiteRunner.java:291)
	at org.testng.SuiteRunner.run(SuiteRunner.java:240)
	at org.testng.SuiteRunnerWorker.runSuite(SuiteRunnerWorker.java:52)
	at org.testng.SuiteRunnerWorker.run(SuiteRunnerWorker.java:86)
	at org.testng.TestNG.runSuitesSequentially(TestNG.java:1198)
	at org.testng.TestNG.runSuitesLocally(TestNG.java:1123)
	at org.testng.TestNG.run(TestNG.java:1031)
	at org.testng.remote.AbstractRemoteTestNG.run(AbstractRemoteTestNG.java:115)
	at org.testng.remote.RemoteTestNG.initAndRun(RemoteTestNG.java:251)
	at org.testng.remote.RemoteTestNG.main(RemoteTestNG.java:77)
]]>
            </full-stacktrace>
          </exception> <!-- org.openqa.selenium.ElementClickInterceptedException -->
          <reporter-output>
          </reporter-output>
        </test-method> <!-- TC_19_createAccount_check_password_in_bulletform -->
        <test-method is-config="true" signature="tearDown()[pri:0, instance:testsLayer.CreateAccount_Test@6bbe85a8]" started-at="2021-01-14T20:15:49Z" name="tearDown" finished-at="2021-01-14T20:15:49Z" duration-ms="1" status="PASS">
          <reporter-output>
          </reporter-output>
        </test-method> <!-- tearDown -->
        <test-method is-config="true" signature="objectSet()[pri:0, instance:testsLayer.CreateAccount_Test@6bbe85a8]" started-at="2021-01-14T20:15:49Z" name="objectSet" finished-at="2021-01-14T20:16:03Z" duration-ms="13309" status="PASS">
          <reporter-output>
          </reporter-output>
        </test-method> <!-- objectSet -->
        <test-method signature="TC_1_createAccount_Firstname_with_2_char()[pri:0, instance:testsLayer.CreateAccount_Test@6bbe85a8]" started-at="2021-01-14T20:16:03Z" name="TC_1_createAccount_Firstname_with_2_char" finished-at="2021-01-14T20:16:24Z" duration-ms="20839" status="FAIL">
          <exception class="org.openqa.selenium.NoSuchElementException">
            <message>
              <![CDATA[no such element: Unable to locate element: {"method":"css selector","selector":"#firstName"}
  (Session info: chrome=87.0.4280.141)
For documentation on this error, please visit: http://seleniumhq.org/exceptions/no_such_element.html
Build info: version: '3.10.0', revision: '176b4a9', time: '2018-03-02T19:03:16.397Z'
System info: host: 'LAPTOP-085J8J9J', ip: '192.168.199.1', os.name: 'Windows 10', os.arch: 'amd64', os.version: '10.0', java.version: '15.0.1'
Driver info: org.openqa.selenium.chrome.ChromeDriver
Capabilities {acceptInsecureCerts: false, browserName: chrome, browserVersion: 87.0.4280.141, chrome: {chromedriverVersion: 86.0.4240.22 (398b0743353ff..., userDataDir: C:\Users\DIPALI~1\AppData\L...}, goog:chromeOptions: {debuggerAddress: localhost:60258}, javascriptEnabled: true, networkConnectionEnabled: false, pageLoadStrategy: normal, platform: WINDOWS, platformName: WINDOWS, proxy: Proxy(), setWindowRect: true, strictFileInteractability: false, timeouts: {implicit: 0, pageLoad: 300000, script: 30000}, unhandledPromptBehavior: dismiss and notify, webauthn:virtualAuthenticators: true}
Session ID: 9616f44ce24fca43a3ff85b38c176463
*** Element info: {Using=id, value=firstName}]]>
            </message>
            <full-stacktrace>
              <![CDATA[org.openqa.selenium.NoSuchElementException: no such element: Unable to locate element: {"method":"css selector","selector":"#firstName"}
  (Session info: chrome=87.0.4280.141)
For documentation on this error, please visit: http://seleniumhq.org/exceptions/no_such_element.html
Build info: version: '3.10.0', revision: '176b4a9', time: '2018-03-02T19:03:16.397Z'
System info: host: 'LAPTOP-085J8J9J', ip: '192.168.199.1', os.name: 'Windows 10', os.arch: 'amd64', os.version: '10.0', java.version: '15.0.1'
Driver info: org.openqa.selenium.chrome.ChromeDriver
Capabilities {acceptInsecureCerts: false, browserName: chrome, browserVersion: 87.0.4280.141, chrome: {chromedriverVersion: 86.0.4240.22 (398b0743353ff..., userDataDir: C:\Users\DIPALI~1\AppData\L...}, goog:chromeOptions: {debuggerAddress: localhost:60258}, javascriptEnabled: true, networkConnectionEnabled: false, pageLoadStrategy: normal, platform: WINDOWS, platformName: WINDOWS, proxy: Proxy(), setWindowRect: true, strictFileInteractability: false, timeouts: {implicit: 0, pageLoad: 300000, script: 30000}, unhandledPromptBehavior: dismiss and notify, webauthn:virtualAuthenticators: true}
Session ID: 9616f44ce24fca43a3ff85b38c176463
*** Element info: {Using=id, value=firstName}
	at java.base/jdk.internal.reflect.NativeConstructorAccessorImpl.newInstance0(Native Method)
	at java.base/jdk.internal.reflect.NativeConstructorAccessorImpl.newInstance(NativeConstructorAccessorImpl.java:64)
	at java.base/jdk.internal.reflect.DelegatingConstructorAccessorImpl.newInstance(DelegatingConstructorAccessorImpl.java:45)
	at java.base/java.lang.reflect.Constructor.newInstanceWithCaller(Constructor.java:500)
	at java.base/java.lang.reflect.Constructor.newInstance(Constructor.java:481)
	at org.openqa.selenium.remote.http.W3CHttpResponseCodec.createException(W3CHttpResponseCodec.java:187)
	at org.openqa.selenium.remote.http.W3CHttpResponseCodec.decode(W3CHttpResponseCodec.java:122)
	at org.openqa.selenium.remote.http.W3CHttpResponseCodec.decode(W3CHttpResponseCodec.java:49)
	at org.openqa.selenium.remote.HttpCommandExecutor.execute(HttpCommandExecutor.java:160)
	at org.openqa.selenium.remote.service.DriverCommandExecutor.execute(DriverCommandExecutor.java:83)
	at org.openqa.selenium.remote.RemoteWebDriver.execute(RemoteWebDriver.java:601)
	at org.openqa.selenium.remote.RemoteWebDriver.findElement(RemoteWebDriver.java:371)
	at org.openqa.selenium.remote.RemoteWebDriver.findElementById(RemoteWebDriver.java:417)
	at org.openqa.selenium.By$ById.findElement(By.java:218)
	at org.openqa.selenium.remote.RemoteWebDriver.findElement(RemoteWebDriver.java:363)
	at org.openqa.selenium.support.pagefactory.DefaultElementLocator.findElement(DefaultElementLocator.java:69)
	at org.openqa.selenium.support.pagefactory.internal.LocatingElementHandler.invoke(LocatingElementHandler.java:38)
	at com.sun.proxy.$Proxy12.sendKeys(Unknown Source)
	at pageLayer.CreateAccount_Page.cmnMethod(CreateAccount_Page.java:179)
	at testsLayer.CreateAccount_Test.TC_1_createAccount_Firstname_with_2_char(CreateAccount_Test.java:21)
	at java.base/jdk.internal.reflect.NativeMethodAccessorImpl.invoke0(Native Method)
	at java.base/jdk.internal.reflect.NativeMethodAccessorImpl.invoke(NativeMethodAccessorImpl.java:64)
	at java.base/jdk.internal.reflect.DelegatingMethodAccessorImpl.invoke(DelegatingMethodAccessorImpl.java:43)
	at java.base/java.lang.reflect.Method.invoke(Method.java:564)
	at org.testng.internal.MethodInvocationHelper.invokeMethod(MethodInvocationHelper.java:80)
	at org.testng.internal.Invoker.invokeMethod(Invoker.java:714)
	at org.testng.internal.Invoker.invokeTestMethod(Invoker.java:901)
	at org.testng.internal.Invoker.invokeTestMethods(Invoker.java:1231)
	at org.testng.internal.TestMethodWorker.invokeTestMethods(TestMethodWorker.java:127)
	at org.testng.internal.TestMethodWorker.run(TestMethodWorker.java:111)
	at org.testng.TestRunner.privateRun(TestRunner.java:767)
	at org.testng.TestRunner.run(TestRunner.java:617)
	at org.testng.SuiteRunner.runTest(SuiteRunner.java:334)
	at org.testng.SuiteRunner.runSequentially(SuiteRunner.java:329)
	at org.testng.SuiteRunner.privateRun(SuiteRunner.java:291)
	at org.testng.SuiteRunner.run(SuiteRunner.java:240)
	at org.testng.SuiteRunnerWorker.runSuite(SuiteRunnerWorker.java:52)
	at org.testng.SuiteRunnerWorker.run(SuiteRunnerWorker.java:86)
	at org.testng.TestNG.runSuitesSequentially(TestNG.java:1198)
	at org.testng.TestNG.runSuitesLocally(TestNG.java:1123)
	at org.testng.TestNG.run(TestNG.java:1031)
	at org.testng.remote.AbstractRemoteTestNG.run(AbstractRemoteTestNG.java:115)
	at org.testng.remote.RemoteTestNG.initAndRun(RemoteTestNG.java:251)
	at org.testng.remote.RemoteTestNG.main(RemoteTestNG.java:77)
]]>
            </full-stacktrace>
          </exception> <!-- org.openqa.selenium.NoSuchElementException -->
          <reporter-output>
          </reporter-output>
        </test-method> <!-- TC_1_createAccount_Firstname_with_2_char -->
        <test-method is-config="true" signature="tearDown()[pri:0, instance:testsLayer.CreateAccount_Test@6bbe85a8]" started-at="2021-01-14T20:16:24Z" name="tearDown" finished-at="2021-01-14T20:16:24Z" duration-ms="0" status="PASS">
          <reporter-output>
          </reporter-output>
        </test-method> <!-- tearDown -->
        <test-method is-config="true" signature="objectSet()[pri:0, instance:testsLayer.CreateAccount_Test@6bbe85a8]" started-at="2021-01-14T20:16:24Z" name="objectSet" finished-at="2021-01-14T20:16:35Z" duration-ms="11457" status="PASS">
          <reporter-output>
          </reporter-output>
        </test-method> <!-- objectSet -->
        <test-method signature="TC_20_createAccount_password_show_button()[pri:0, instance:testsLayer.CreateAccount_Test@6bbe85a8]" started-at="2021-01-14T20:16:35Z" name="TC_20_createAccount_password_show_button" finished-at="2021-01-14T20:16:39Z" duration-ms="4268" status="PASS">
          <reporter-output>
          </reporter-output>
        </test-method> <!-- TC_20_createAccount_password_show_button -->
        <test-method is-config="true" signature="objectSet()[pri:0, instance:testsLayer.CreateAccount_Test@6bbe85a8]" started-at="2021-01-14T20:16:39Z" name="objectSet" finished-at="2021-01-14T20:16:54Z" duration-ms="14903" status="PASS">
          <reporter-output>
          </reporter-output>
        </test-method> <!-- objectSet -->
        <test-method is-config="true" signature="tearDown()[pri:0, instance:testsLayer.CreateAccount_Test@6bbe85a8]" started-at="2021-01-14T20:16:39Z" name="tearDown" finished-at="2021-01-14T20:16:39Z" duration-ms="0" status="PASS">
          <reporter-output>
          </reporter-output>
        </test-method> <!-- tearDown -->
        <test-method signature="TC_21_createAccount_with_compex_password_min_6_char()[pri:0, instance:testsLayer.CreateAccount_Test@6bbe85a8]" started-at="2021-01-14T20:16:54Z" name="TC_21_createAccount_with_compex_password_min_6_char" finished-at="2021-01-14T20:16:57Z" duration-ms="2551" status="PASS">
          <reporter-output>
          </reporter-output>
        </test-method> <!-- TC_21_createAccount_with_compex_password_min_6_char -->
        <test-method is-config="true" signature="objectSet()[pri:0, instance:testsLayer.CreateAccount_Test@6bbe85a8]" started-at="2021-01-14T20:16:57Z" name="objectSet" finished-at="2021-01-14T20:17:11Z" duration-ms="13940" status="PASS">
          <reporter-output>
          </reporter-output>
        </test-method> <!-- objectSet -->
        <test-method is-config="true" signature="tearDown()[pri:0, instance:testsLayer.CreateAccount_Test@6bbe85a8]" started-at="2021-01-14T20:16:57Z" name="tearDown" finished-at="2021-01-14T20:16:57Z" duration-ms="0" status="PASS">
          <reporter-output>
          </reporter-output>
        </test-method> <!-- tearDown -->
        <test-method signature="TC_22_createAccount_with_moderate_password_min_6_char()[pri:0, instance:testsLayer.CreateAccount_Test@6bbe85a8]" started-at="2021-01-14T20:17:11Z" name="TC_22_createAccount_with_moderate_password_min_6_char" finished-at="2021-01-14T20:17:18Z" duration-ms="6809" status="PASS">
          <reporter-output>
          </reporter-output>
        </test-method> <!-- TC_22_createAccount_with_moderate_password_min_6_char -->
        <test-method is-config="true" signature="tearDown()[pri:0, instance:testsLayer.CreateAccount_Test@6bbe85a8]" started-at="2021-01-14T20:17:18Z" name="tearDown" finished-at="2021-01-14T20:17:18Z" duration-ms="0" status="PASS">
          <reporter-output>
          </reporter-output>
        </test-method> <!-- tearDown -->
        <test-method is-config="true" signature="objectSet()[pri:0, instance:testsLayer.CreateAccount_Test@6bbe85a8]" started-at="2021-01-14T20:17:18Z" name="objectSet" finished-at="2021-01-14T20:17:31Z" duration-ms="13759" status="PASS">
          <reporter-output>
          </reporter-output>
        </test-method> <!-- objectSet -->
        <test-method signature="TC_23_createAccount_with_weak_password_min_6_char()[pri:0, instance:testsLayer.CreateAccount_Test@6bbe85a8]" started-at="2021-01-14T20:17:31Z" name="TC_23_createAccount_with_weak_password_min_6_char" finished-at="2021-01-14T20:17:38Z" duration-ms="6531" status="PASS">
          <reporter-output>
          </reporter-output>
        </test-method> <!-- TC_23_createAccount_with_weak_password_min_6_char -->
        <test-method is-config="true" signature="tearDown()[pri:0, instance:testsLayer.CreateAccount_Test@6bbe85a8]" started-at="2021-01-14T20:17:38Z" name="tearDown" finished-at="2021-01-14T20:17:38Z" duration-ms="0" status="PASS">
          <reporter-output>
          </reporter-output>
        </test-method> <!-- tearDown -->
        <test-method is-config="true" signature="objectSet()[pri:0, instance:testsLayer.CreateAccount_Test@6bbe85a8]" started-at="2021-01-14T20:17:38Z" name="objectSet" finished-at="2021-01-14T20:17:51Z" duration-ms="13319" status="PASS">
          <reporter-output>
          </reporter-output>
        </test-method> <!-- objectSet -->
        <test-method signature="TC_24_createAccount_with_Null_password()[pri:0, instance:testsLayer.CreateAccount_Test@6bbe85a8]" started-at="2021-01-14T20:17:51Z" name="TC_24_createAccount_with_Null_password" finished-at="2021-01-14T20:17:58Z" duration-ms="6847" status="PASS">
          <reporter-output>
          </reporter-output>
        </test-method> <!-- TC_24_createAccount_with_Null_password -->
        <test-method is-config="true" signature="tearDown()[pri:0, instance:testsLayer.CreateAccount_Test@6bbe85a8]" started-at="2021-01-14T20:17:58Z" name="tearDown" finished-at="2021-01-14T20:17:58Z" duration-ms="1" status="PASS">
          <reporter-output>
          </reporter-output>
        </test-method> <!-- tearDown -->
        <test-method is-config="true" signature="objectSet()[pri:0, instance:testsLayer.CreateAccount_Test@6bbe85a8]" started-at="2021-01-14T20:17:58Z" name="objectSet" finished-at="2021-01-14T20:18:17Z" duration-ms="19084" status="PASS">
          <reporter-output>
          </reporter-output>
        </test-method> <!-- objectSet -->
        <test-method signature="TC_26_createAccount_Donot_checkmark_emailmeabout_flyer()[pri:0, instance:testsLayer.CreateAccount_Test@6bbe85a8]" started-at="2021-01-14T20:18:17Z" name="TC_26_createAccount_Donot_checkmark_emailmeabout_flyer" finished-at="2021-01-14T20:18:22Z" duration-ms="4607" status="PASS">
          <reporter-output>
          </reporter-output>
        </test-method> <!-- TC_26_createAccount_Donot_checkmark_emailmeabout_flyer -->
        <test-method is-config="true" signature="tearDown()[pri:0, instance:testsLayer.CreateAccount_Test@6bbe85a8]" started-at="2021-01-14T20:18:22Z" name="tearDown" finished-at="2021-01-14T20:18:22Z" duration-ms="1" status="PASS">
          <reporter-output>
          </reporter-output>
        </test-method> <!-- tearDown -->
        <test-method is-config="true" signature="objectSet()[pri:0, instance:testsLayer.CreateAccount_Test@6bbe85a8]" started-at="2021-01-14T20:18:22Z" name="objectSet" finished-at="2021-01-14T20:18:38Z" duration-ms="16440" status="PASS">
          <reporter-output>
          </reporter-output>
        </test-method> <!-- objectSet -->
        <test-method signature="TC_27_Checkmark_TermsofUse()[pri:0, instance:testsLayer.CreateAccount_Test@6bbe85a8]" started-at="2021-01-14T20:18:38Z" name="TC_27_Checkmark_TermsofUse" finished-at="2021-01-14T20:18:58Z" duration-ms="20218" status="PASS">
          <reporter-output>
          </reporter-output>
        </test-method> <!-- TC_27_Checkmark_TermsofUse -->
        <test-method is-config="true" signature="objectSet()[pri:0, instance:testsLayer.CreateAccount_Test@6bbe85a8]" started-at="2021-01-14T20:18:58Z" name="objectSet" finished-at="2021-01-14T20:19:11Z" duration-ms="13044" status="PASS">
          <reporter-output>
          </reporter-output>
        </test-method> <!-- objectSet -->
        <test-method is-config="true" signature="tearDown()[pri:0, instance:testsLayer.CreateAccount_Test@6bbe85a8]" started-at="2021-01-14T20:18:58Z" name="tearDown" finished-at="2021-01-14T20:18:58Z" duration-ms="0" status="PASS">
          <reporter-output>
          </reporter-output>
        </test-method> <!-- tearDown -->
        <test-method signature="TC_28_DoNotClick_on_TermsofUse_checkbox()[pri:0, instance:testsLayer.CreateAccount_Test@6bbe85a8]" started-at="2021-01-14T20:19:11Z" name="TC_28_DoNotClick_on_TermsofUse_checkbox" finished-at="2021-01-14T20:19:18Z" duration-ms="6891" status="PASS">
          <reporter-output>
          </reporter-output>
        </test-method> <!-- TC_28_DoNotClick_on_TermsofUse_checkbox -->
        <test-method is-config="true" signature="objectSet()[pri:0, instance:testsLayer.CreateAccount_Test@6bbe85a8]" started-at="2021-01-14T20:19:18Z" name="objectSet" finished-at="2021-01-14T20:19:30Z" duration-ms="11775" status="PASS">
          <reporter-output>
          </reporter-output>
        </test-method> <!-- objectSet -->
        <test-method is-config="true" signature="tearDown()[pri:0, instance:testsLayer.CreateAccount_Test@6bbe85a8]" started-at="2021-01-14T20:19:18Z" name="tearDown" finished-at="2021-01-14T20:19:18Z" duration-ms="0" status="PASS">
          <reporter-output>
          </reporter-output>
        </test-method> <!-- tearDown -->
        <test-method signature="TC_29_checkemail_after_creating_account()[pri:0, instance:testsLayer.CreateAccount_Test@6bbe85a8]" started-at="2021-01-14T20:19:30Z" name="TC_29_checkemail_after_creating_account" finished-at="2021-01-14T20:19:39Z" duration-ms="8700" status="PASS">
          <reporter-output>
          </reporter-output>
        </test-method> <!-- TC_29_checkemail_after_creating_account -->
        <test-method is-config="true" signature="objectSet()[pri:0, instance:testsLayer.CreateAccount_Test@6bbe85a8]" started-at="2021-01-14T20:19:39Z" name="objectSet" finished-at="2021-01-14T20:19:53Z" duration-ms="13922" status="PASS">
          <reporter-output>
          </reporter-output>
        </test-method> <!-- objectSet -->
        <test-method is-config="true" signature="tearDown()[pri:0, instance:testsLayer.CreateAccount_Test@6bbe85a8]" started-at="2021-01-14T20:19:39Z" name="tearDown" finished-at="2021-01-14T20:19:39Z" duration-ms="0" status="PASS">
          <reporter-output>
          </reporter-output>
        </test-method> <!-- tearDown -->
        <test-method signature="TC_2_createAccount_Firstname_morethan_2_validchar()[pri:0, instance:testsLayer.CreateAccount_Test@6bbe85a8]" started-at="2021-01-14T20:19:53Z" name="TC_2_createAccount_Firstname_morethan_2_validchar" finished-at="2021-01-14T20:20:02Z" duration-ms="9731" status="PASS">
          <reporter-output>
          </reporter-output>
        </test-method> <!-- TC_2_createAccount_Firstname_morethan_2_validchar -->
        <test-method is-config="true" signature="tearDown()[pri:0, instance:testsLayer.CreateAccount_Test@6bbe85a8]" started-at="2021-01-14T20:20:02Z" name="tearDown" finished-at="2021-01-14T20:20:02Z" duration-ms="0" status="PASS">
          <reporter-output>
          </reporter-output>
        </test-method> <!-- tearDown -->
        <test-method is-config="true" signature="objectSet()[pri:0, instance:testsLayer.CreateAccount_Test@6bbe85a8]" started-at="2021-01-14T20:20:02Z" name="objectSet" finished-at="2021-01-14T20:20:23Z" duration-ms="20446" status="PASS">
          <reporter-output>
          </reporter-output>
        </test-method> <!-- objectSet -->
        <test-method signature="TC_30_without_firstandlastname_only_email_and_password()[pri:0, instance:testsLayer.CreateAccount_Test@6bbe85a8]" started-at="2021-01-14T20:20:23Z" name="TC_30_without_firstandlastname_only_email_and_password" finished-at="2021-01-14T20:20:27Z" duration-ms="3990" status="PASS">
          <reporter-output>
          </reporter-output>
        </test-method> <!-- TC_30_without_firstandlastname_only_email_and_password -->
        <test-method is-config="true" signature="objectSet()[pri:0, instance:testsLayer.CreateAccount_Test@6bbe85a8]" started-at="2021-01-14T20:20:27Z" name="objectSet" finished-at="2021-01-14T20:20:39Z" duration-ms="11923" status="PASS">
          <reporter-output>
          </reporter-output>
        </test-method> <!-- objectSet -->
        <test-method is-config="true" signature="tearDown()[pri:0, instance:testsLayer.CreateAccount_Test@6bbe85a8]" started-at="2021-01-14T20:20:27Z" name="tearDown" finished-at="2021-01-14T20:20:27Z" duration-ms="0" status="PASS">
          <reporter-output>
          </reporter-output>
        </test-method> <!-- tearDown -->
        <test-method signature="TC_31_all_valid_data()[pri:0, instance:testsLayer.CreateAccount_Test@6bbe85a8]" started-at="2021-01-14T20:20:39Z" name="TC_31_all_valid_data" finished-at="2021-01-14T20:20:44Z" duration-ms="5477" status="PASS">
          <reporter-output>
          </reporter-output>
        </test-method> <!-- TC_31_all_valid_data -->
        <test-method is-config="true" signature="objectSet()[pri:0, instance:testsLayer.CreateAccount_Test@6bbe85a8]" started-at="2021-01-14T20:20:44Z" name="objectSet" finished-at="2021-01-14T20:21:00Z" duration-ms="16196" status="PASS">
          <reporter-output>
          </reporter-output>
        </test-method> <!-- objectSet -->
        <test-method is-config="true" signature="tearDown()[pri:0, instance:testsLayer.CreateAccount_Test@6bbe85a8]" started-at="2021-01-14T20:20:44Z" name="tearDown" finished-at="2021-01-14T20:20:44Z" duration-ms="0" status="PASS">
          <reporter-output>
          </reporter-output>
        </test-method> <!-- tearDown -->
        <test-method signature="TC_32_all_invalid_data()[pri:0, instance:testsLayer.CreateAccount_Test@6bbe85a8]" started-at="2021-01-14T20:21:00Z" name="TC_32_all_invalid_data" finished-at="2021-01-14T20:21:03Z" duration-ms="2554" status="PASS">
          <reporter-output>
          </reporter-output>
        </test-method> <!-- TC_32_all_invalid_data -->
        <test-method is-config="true" signature="tearDown()[pri:0, instance:testsLayer.CreateAccount_Test@6bbe85a8]" started-at="2021-01-14T20:21:03Z" name="tearDown" finished-at="2021-01-14T20:21:03Z" duration-ms="1" status="PASS">
          <reporter-output>
          </reporter-output>
        </test-method> <!-- tearDown -->
        <test-method is-config="true" signature="objectSet()[pri:0, instance:testsLayer.CreateAccount_Test@6bbe85a8]" started-at="2021-01-14T20:21:03Z" name="objectSet" finished-at="2021-01-14T20:21:22Z" duration-ms="18659" status="PASS">
          <reporter-output>
          </reporter-output>
        </test-method> <!-- objectSet -->
        <test-method signature="TC_34_RegisteredUesr_navigation_from_signout_to_signin()[pri:0, instance:testsLayer.CreateAccount_Test@6bbe85a8]" started-at="2021-01-14T20:21:22Z" name="TC_34_RegisteredUesr_navigation_from_signout_to_signin" finished-at="2021-01-14T20:21:48Z" duration-ms="26604" status="FAIL">
          <exception class="org.openqa.selenium.NoSuchElementException">
            <message>
              <![CDATA[no such element: Unable to locate element: {"method":"xpath","selector":"//span[contains(text(),'My account')]"}
  (Session info: chrome=87.0.4280.141)
For documentation on this error, please visit: http://seleniumhq.org/exceptions/no_such_element.html
Build info: version: '3.10.0', revision: '176b4a9', time: '2018-03-02T19:03:16.397Z'
System info: host: 'LAPTOP-085J8J9J', ip: '192.168.199.1', os.name: 'Windows 10', os.arch: 'amd64', os.version: '10.0', java.version: '15.0.1'
Driver info: org.openqa.selenium.chrome.ChromeDriver
Capabilities {acceptInsecureCerts: false, browserName: chrome, browserVersion: 87.0.4280.141, chrome: {chromedriverVersion: 86.0.4240.22 (398b0743353ff..., userDataDir: C:\Users\DIPALI~1\AppData\L...}, goog:chromeOptions: {debuggerAddress: localhost:61505}, javascriptEnabled: true, networkConnectionEnabled: false, pageLoadStrategy: normal, platform: WINDOWS, platformName: WINDOWS, proxy: Proxy(), setWindowRect: true, strictFileInteractability: false, timeouts: {implicit: 0, pageLoad: 300000, script: 30000}, unhandledPromptBehavior: dismiss and notify, webauthn:virtualAuthenticators: true}
Session ID: e0a25dfb88cd09359de3a1430f9913ce
*** Element info: {Using=xpath, value=//span[contains(text(),'My account')]}]]>
            </message>
            <full-stacktrace>
              <![CDATA[org.openqa.selenium.NoSuchElementException: no such element: Unable to locate element: {"method":"xpath","selector":"//span[contains(text(),'My account')]"}
  (Session info: chrome=87.0.4280.141)
For documentation on this error, please visit: http://seleniumhq.org/exceptions/no_such_element.html
Build info: version: '3.10.0', revision: '176b4a9', time: '2018-03-02T19:03:16.397Z'
System info: host: 'LAPTOP-085J8J9J', ip: '192.168.199.1', os.name: 'Windows 10', os.arch: 'amd64', os.version: '10.0', java.version: '15.0.1'
Driver info: org.openqa.selenium.chrome.ChromeDriver
Capabilities {acceptInsecureCerts: false, browserName: chrome, browserVersion: 87.0.4280.141, chrome: {chromedriverVersion: 86.0.4240.22 (398b0743353ff..., userDataDir: C:\Users\DIPALI~1\AppData\L...}, goog:chromeOptions: {debuggerAddress: localhost:61505}, javascriptEnabled: true, networkConnectionEnabled: false, pageLoadStrategy: normal, platform: WINDOWS, platformName: WINDOWS, proxy: Proxy(), setWindowRect: true, strictFileInteractability: false, timeouts: {implicit: 0, pageLoad: 300000, script: 30000}, unhandledPromptBehavior: dismiss and notify, webauthn:virtualAuthenticators: true}
Session ID: e0a25dfb88cd09359de3a1430f9913ce
*** Element info: {Using=xpath, value=//span[contains(text(),'My account')]}
	at java.base/jdk.internal.reflect.NativeConstructorAccessorImpl.newInstance0(Native Method)
	at java.base/jdk.internal.reflect.NativeConstructorAccessorImpl.newInstance(NativeConstructorAccessorImpl.java:64)
	at java.base/jdk.internal.reflect.DelegatingConstructorAccessorImpl.newInstance(DelegatingConstructorAccessorImpl.java:45)
	at java.base/java.lang.reflect.Constructor.newInstanceWithCaller(Constructor.java:500)
	at java.base/java.lang.reflect.Constructor.newInstance(Constructor.java:481)
	at org.openqa.selenium.remote.http.W3CHttpResponseCodec.createException(W3CHttpResponseCodec.java:187)
	at org.openqa.selenium.remote.http.W3CHttpResponseCodec.decode(W3CHttpResponseCodec.java:122)
	at org.openqa.selenium.remote.http.W3CHttpResponseCodec.decode(W3CHttpResponseCodec.java:49)
	at org.openqa.selenium.remote.HttpCommandExecutor.execute(HttpCommandExecutor.java:160)
	at org.openqa.selenium.remote.service.DriverCommandExecutor.execute(DriverCommandExecutor.java:83)
	at org.openqa.selenium.remote.RemoteWebDriver.execute(RemoteWebDriver.java:601)
	at org.openqa.selenium.remote.RemoteWebDriver.findElement(RemoteWebDriver.java:371)
	at org.openqa.selenium.remote.RemoteWebDriver.findElementByXPath(RemoteWebDriver.java:473)
	at org.openqa.selenium.By$ByXPath.findElement(By.java:361)
	at org.openqa.selenium.remote.RemoteWebDriver.findElement(RemoteWebDriver.java:363)
	at org.openqa.selenium.support.pagefactory.DefaultElementLocator.findElement(DefaultElementLocator.java:69)
	at org.openqa.selenium.support.pagefactory.internal.LocatingElementHandler.invoke(LocatingElementHandler.java:38)
	at com.sun.proxy.$Proxy12.click(Unknown Source)
	at testsLayer.CreateAccount_Test.TC_34_RegisteredUesr_navigation_from_signout_to_signin(CreateAccount_Test.java:378)
	at java.base/jdk.internal.reflect.NativeMethodAccessorImpl.invoke0(Native Method)
	at java.base/jdk.internal.reflect.NativeMethodAccessorImpl.invoke(NativeMethodAccessorImpl.java:64)
	at java.base/jdk.internal.reflect.DelegatingMethodAccessorImpl.invoke(DelegatingMethodAccessorImpl.java:43)
	at java.base/java.lang.reflect.Method.invoke(Method.java:564)
	at org.testng.internal.MethodInvocationHelper.invokeMethod(MethodInvocationHelper.java:80)
	at org.testng.internal.Invoker.invokeMethod(Invoker.java:714)
	at org.testng.internal.Invoker.invokeTestMethod(Invoker.java:901)
	at org.testng.internal.Invoker.invokeTestMethods(Invoker.java:1231)
	at org.testng.internal.TestMethodWorker.invokeTestMethods(TestMethodWorker.java:127)
	at org.testng.internal.TestMethodWorker.run(TestMethodWorker.java:111)
	at org.testng.TestRunner.privateRun(TestRunner.java:767)
	at org.testng.TestRunner.run(TestRunner.java:617)
	at org.testng.SuiteRunner.runTest(SuiteRunner.java:334)
	at org.testng.SuiteRunner.runSequentially(SuiteRunner.java:329)
	at org.testng.SuiteRunner.privateRun(SuiteRunner.java:291)
	at org.testng.SuiteRunner.run(SuiteRunner.java:240)
	at org.testng.SuiteRunnerWorker.runSuite(SuiteRunnerWorker.java:52)
	at org.testng.SuiteRunnerWorker.run(SuiteRunnerWorker.java:86)
	at org.testng.TestNG.runSuitesSequentially(TestNG.java:1198)
	at org.testng.TestNG.runSuitesLocally(TestNG.java:1123)
	at org.testng.TestNG.run(TestNG.java:1031)
	at org.testng.remote.AbstractRemoteTestNG.run(AbstractRemoteTestNG.java:115)
	at org.testng.remote.RemoteTestNG.initAndRun(RemoteTestNG.java:251)
	at org.testng.remote.RemoteTestNG.main(RemoteTestNG.java:77)
]]>
            </full-stacktrace>
          </exception> <!-- org.openqa.selenium.NoSuchElementException -->
          <reporter-output>
          </reporter-output>
        </test-method> <!-- TC_34_RegisteredUesr_navigation_from_signout_to_signin -->
        <test-method is-config="true" signature="tearDown()[pri:0, instance:testsLayer.CreateAccount_Test@6bbe85a8]" started-at="2021-01-14T20:21:48Z" name="tearDown" finished-at="2021-01-14T20:21:48Z" duration-ms="1" status="PASS">
          <reporter-output>
          </reporter-output>
        </test-method> <!-- tearDown -->
        <test-method is-config="true" signature="objectSet()[pri:0, instance:testsLayer.CreateAccount_Test@6bbe85a8]" started-at="2021-01-14T20:21:48Z" name="objectSet" finished-at="2021-01-14T20:21:58Z" duration-ms="10060" status="PASS">
          <reporter-output>
          </reporter-output>
        </test-method> <!-- objectSet -->
        <test-method signature="TC_3_createAccount_Firstname_lessthan_2_char()[pri:0, instance:testsLayer.CreateAccount_Test@6bbe85a8]" started-at="2021-01-14T20:21:58Z" name="TC_3_createAccount_Firstname_lessthan_2_char" finished-at="2021-01-14T20:22:08Z" duration-ms="9205" status="PASS">
          <reporter-output>
          </reporter-output>
        </test-method> <!-- TC_3_createAccount_Firstname_lessthan_2_char -->
        <test-method is-config="true" signature="objectSet()[pri:0, instance:testsLayer.CreateAccount_Test@6bbe85a8]" started-at="2021-01-14T20:22:08Z" name="objectSet" finished-at="2021-01-14T20:22:20Z" duration-ms="12047" status="PASS">
          <reporter-output>
          </reporter-output>
        </test-method> <!-- objectSet -->
        <test-method is-config="true" signature="tearDown()[pri:0, instance:testsLayer.CreateAccount_Test@6bbe85a8]" started-at="2021-01-14T20:22:08Z" name="tearDown" finished-at="2021-01-14T20:22:08Z" duration-ms="0" status="PASS">
          <reporter-output>
          </reporter-output>
        </test-method> <!-- tearDown -->
        <test-method signature="TC_4_createAccount_Firstname_Null()[pri:0, instance:testsLayer.CreateAccount_Test@6bbe85a8]" started-at="2021-01-14T20:22:20Z" name="TC_4_createAccount_Firstname_Null" finished-at="2021-01-14T20:22:28Z" duration-ms="8000" status="PASS">
          <reporter-output>
          </reporter-output>
        </test-method> <!-- TC_4_createAccount_Firstname_Null -->
        <test-method is-config="true" signature="tearDown()[pri:0, instance:testsLayer.CreateAccount_Test@6bbe85a8]" started-at="2021-01-14T20:22:28Z" name="tearDown" finished-at="2021-01-14T20:22:28Z" duration-ms="0" status="PASS">
          <reporter-output>
          </reporter-output>
        </test-method> <!-- tearDown -->
        <test-method is-config="true" signature="objectSet()[pri:0, instance:testsLayer.CreateAccount_Test@6bbe85a8]" started-at="2021-01-14T20:22:28Z" name="objectSet" finished-at="2021-01-14T20:22:37Z" duration-ms="9052" status="PASS">
          <reporter-output>
          </reporter-output>
        </test-method> <!-- objectSet -->
        <test-method signature="TC_5_createAccount_Firstname_invalidchar()[pri:0, instance:testsLayer.CreateAccount_Test@6bbe85a8]" started-at="2021-01-14T20:22:37Z" name="TC_5_createAccount_Firstname_invalidchar" finished-at="2021-01-14T20:22:42Z" duration-ms="5134" status="PASS">
          <reporter-output>
          </reporter-output>
        </test-method> <!-- TC_5_createAccount_Firstname_invalidchar -->
        <test-method is-config="true" signature="tearDown()[pri:0, instance:testsLayer.CreateAccount_Test@6bbe85a8]" started-at="2021-01-14T20:22:42Z" name="tearDown" finished-at="2021-01-14T20:22:42Z" duration-ms="0" status="PASS">
          <reporter-output>
          </reporter-output>
        </test-method> <!-- tearDown -->
        <test-method is-config="true" signature="objectSet()[pri:0, instance:testsLayer.CreateAccount_Test@6bbe85a8]" started-at="2021-01-14T20:22:42Z" name="objectSet" finished-at="2021-01-14T20:22:57Z" duration-ms="15096" status="PASS">
          <reporter-output>
          </reporter-output>
        </test-method> <!-- objectSet -->
        <test-method signature="TC_6_createAccount_Lastname_with_2_char()[pri:0, instance:testsLayer.CreateAccount_Test@6bbe85a8]" started-at="2021-01-14T20:22:57Z" name="TC_6_createAccount_Lastname_with_2_char" finished-at="2021-01-14T20:23:01Z" duration-ms="3777" status="PASS">
          <reporter-output>
          </reporter-output>
        </test-method> <!-- TC_6_createAccount_Lastname_with_2_char -->
        <test-method is-config="true" signature="tearDown()[pri:0, instance:testsLayer.CreateAccount_Test@6bbe85a8]" started-at="2021-01-14T20:23:01Z" name="tearDown" finished-at="2021-01-14T20:23:01Z" duration-ms="0" status="PASS">
          <reporter-output>
          </reporter-output>
        </test-method> <!-- tearDown -->
        <test-method is-config="true" signature="objectSet()[pri:0, instance:testsLayer.CreateAccount_Test@6bbe85a8]" started-at="2021-01-14T20:23:01Z" name="objectSet" finished-at="2021-01-14T20:23:14Z" duration-ms="13814" status="PASS">
          <reporter-output>
          </reporter-output>
        </test-method> <!-- objectSet -->
        <test-method signature="TC_7_createAccount_Lastname_morethan_2_validchar()[pri:0, instance:testsLayer.CreateAccount_Test@6bbe85a8]" started-at="2021-01-14T20:23:14Z" name="TC_7_createAccount_Lastname_morethan_2_validchar" finished-at="2021-01-14T20:23:21Z" duration-ms="6990" status="PASS">
          <reporter-output>
          </reporter-output>
        </test-method> <!-- TC_7_createAccount_Lastname_morethan_2_validchar -->
        <test-method is-config="true" signature="tearDown()[pri:0, instance:testsLayer.CreateAccount_Test@6bbe85a8]" started-at="2021-01-14T20:23:21Z" name="tearDown" finished-at="2021-01-14T20:23:21Z" duration-ms="0" status="PASS">
          <reporter-output>
          </reporter-output>
        </test-method> <!-- tearDown -->
        <test-method is-config="true" signature="objectSet()[pri:0, instance:testsLayer.CreateAccount_Test@6bbe85a8]" started-at="2021-01-14T20:23:21Z" name="objectSet" finished-at="2021-01-14T20:23:35Z" duration-ms="13539" status="PASS">
          <reporter-output>
          </reporter-output>
        </test-method> <!-- objectSet -->
        <test-method signature="TC_8_createAccount_Lastname_lessthan_2_char()[pri:0, instance:testsLayer.CreateAccount_Test@6bbe85a8]" started-at="2021-01-14T20:23:35Z" name="TC_8_createAccount_Lastname_lessthan_2_char" finished-at="2021-01-14T20:23:42Z" duration-ms="6733" status="PASS">
          <reporter-output>
          </reporter-output>
        </test-method> <!-- TC_8_createAccount_Lastname_lessthan_2_char -->
        <test-method is-config="true" signature="tearDown()[pri:0, instance:testsLayer.CreateAccount_Test@6bbe85a8]" started-at="2021-01-14T20:23:42Z" name="tearDown" finished-at="2021-01-14T20:23:42Z" duration-ms="0" status="PASS">
          <reporter-output>
          </reporter-output>
        </test-method> <!-- tearDown -->
        <test-method is-config="true" signature="objectSet()[pri:0, instance:testsLayer.CreateAccount_Test@6bbe85a8]" started-at="2021-01-14T20:23:42Z" name="objectSet" finished-at="2021-01-14T20:23:53Z" duration-ms="11410" status="PASS">
          <reporter-output>
          </reporter-output>
        </test-method> <!-- objectSet -->
        <test-method signature="TC_9_createAccount_Lastname_Null()[pri:0, instance:testsLayer.CreateAccount_Test@6bbe85a8]" started-at="2021-01-14T20:23:53Z" name="TC_9_createAccount_Lastname_Null" finished-at="2021-01-14T20:23:58Z" duration-ms="4763" status="PASS">
          <reporter-output>
          </reporter-output>
        </test-method> <!-- TC_9_createAccount_Lastname_Null -->
        <test-method is-config="true" signature="tearDown()[pri:0, instance:testsLayer.CreateAccount_Test@6bbe85a8]" started-at="2021-01-14T20:23:58Z" name="tearDown" finished-at="2021-01-14T20:23:58Z" duration-ms="0" status="PASS">
          <reporter-output>
          </reporter-output>
        </test-method> <!-- tearDown -->
      </class> <!-- testsLayer.CreateAccount_Test -->
    </test> <!-- Default test -->
  </suite> <!-- Default suite -->
</testng-results>
